<?xml version="1.0" encoding="UTF-8"?>
<!-- Generated by org.testng.reporters.JUnitXMLReporter -->
<testsuite hostname="SHIVAB" ignored="0" name="Test" tests="1" failures="0" timestamp="2023-08-22T19:01:30 IST" time="1.945" errors="0">
  <testcase name="@BeforeMethod bmethod" time="1.912" classname="com.test.tstng.Test1">
    <failure type="java.lang.NoClassDefFoundError" message="okhttp3/ConnectionPool">
      <![CDATA[java.lang.NoClassDefFoundError: okhttp3/ConnectionPool
at org.openqa.selenium.remote.internal.OkHttpClient$Factory.<init>(OkHttpClient.java:116)
at org.openqa.selenium.remote.http.HttpClient$Factory.createDefault(HttpClient.java:66)
at org.openqa.selenium.remote.HttpCommandExecutor.<clinit>(HttpCommandExecutor.java:47)
at org.openqa.selenium.chrome.ChromeDriver.<init>(ChromeDriver.java:181)
at org.openqa.selenium.chrome.ChromeDriver.<init>(ChromeDriver.java:168)
at org.openqa.selenium.chrome.ChromeDriver.<init>(ChromeDriver.java:123)
at com.test.tstng.Test1.bmethod(Test1.java:18)
at java.util.ArrayList.forEach(ArrayList.java:1257)
Caused by: java.lang.ClassNotFoundException: okhttp3.ConnectionPool
at java.net.URLClassLoader.findClass(URLClassLoader.java:381)
at java.lang.ClassLoader.loadClass(ClassLoader.java:424)
at sun.misc.Launcher$AppClassLoader.loadClass(Launcher.java:349)
at java.lang.ClassLoader.loadClass(ClassLoader.java:357)
... 39 more
... Removed 31 stack frames]]>
    </failure>
  </testcase> <!-- @BeforeMethod bmethod -->
  <testcase name="@AfterMethod afmethod" time="-1.692711089856E9" classname="com.test.tstng.Test1">
    <skipped/>
  </testcase> <!-- @AfterMethod afmethod -->
  <testcase name="testOne" time="0.0" classname="com.test.tstng.Test1">
    <skipped/>
  </testcase> <!-- testOne -->
</testsuite> <!-- Test -->
